
2020-06-11 16:24:51 INFO  Version:21 - HV000001: Hibernate Validator 6.1.5.Final
2020-06-11 16:24:52 INFO  CarServiceImpl:17 - Creating new car with id: 0
2020-06-11 16:24:52 INFO  CarServiceImpl:17 - Creating new car with id: 0
2020-06-11 16:24:52 INFO  CarServiceImpl:41 - Deleting car with id: 583
2020-06-11 16:24:52 WARN  CarServiceImpl:29 - Could not find car with id 583
2020-06-11 16:24:52 INFO  CarServiceImpl:17 - Creating new car with id: 0
2020-06-11 16:24:52 INFO  CarServiceImpl:35 - Updating car with id: 584
2020-06-11 16:24:52 INFO  CarServiceImpl:17 - Creating new car with id: 0
2020-06-11 16:24:52 INFO  CarServiceImpl:47 - Setting car no more available with id: 585
2020-06-11 16:24:52 INFO  CarServiceImpl:53 - Setting car now available with id: 585
2020-06-11 16:24:52 INFO  CarServiceImpl:17 - Creating new car with id: 0
2020-06-11 16:24:52 INFO  CarServiceImpl:17 - Creating new car with id: 0
2020-06-11 16:24:52 WARN  CarServiceImpl:29 - Could not find car with id 588
2020-06-11 16:24:52 INFO  CarServiceImpl:17 - Creating new car with id: 0
2020-06-11 16:27:00 DEBUG logging:22 - Logging Provider: org.jboss.logging.Log4jLoggerProvider
2020-06-11 16:27:00 DEBUG ResourceBundleMessageInterpolator:172 - Loaded expression factory via original TCCL
2020-06-11 16:27:00 INFO  Version:21 - HV000001: Hibernate Validator 6.1.5.Final
2020-06-11 16:27:00 DEBUG AbstractConfigurationImpl:171 - Setting custom MessageInterpolator of type org.springframework.validation.beanvalidation.LocaleContextMessageInterpolator
2020-06-11 16:27:00 DEBUG AbstractConfigurationImpl:203 - Setting custom ConstraintValidatorFactory of type org.springframework.validation.beanvalidation.SpringConstraintValidatorFactory
2020-06-11 16:27:00 DEBUG AbstractConfigurationImpl:217 - Setting custom ParameterNameProvider of type org.springframework.validation.beanvalidation.LocalValidatorFactoryBean$1
2020-06-11 16:27:00 DEBUG ValidationXmlParser:120 - Trying to load META-INF/validation.xml for XML based Validator configuration.
2020-06-11 16:27:00 DEBUG ResourceLoaderHelper:53 - Trying to load META-INF/validation.xml via user class loader
2020-06-11 16:27:00 DEBUG ResourceLoaderHelper:60 - Trying to load META-INF/validation.xml via TCCL
2020-06-11 16:27:00 DEBUG ResourceLoaderHelper:66 - Trying to load META-INF/validation.xml via Hibernate Validator's class loader
2020-06-11 16:27:00 DEBUG ValidationXmlParser:127 - No META-INF/validation.xml found. Using annotation based configuration only.
2020-06-11 16:27:00 DEBUG TraversableResolvers:60 - Cannot find javax.persistence.Persistence on classpath. Assuming non JPA 2 environment. All properties will per default be traversable.
2020-06-11 16:27:00 DEBUG ValidatorFactoryConfigurationHelper:300 - HV000252: Using org.hibernate.validator.internal.engine.DefaultPropertyNodeNameProvider as property node name provider.
2020-06-11 16:27:00 DEBUG ValidatorFactoryConfigurationHelper:375 - HV000234: Using org.springframework.validation.beanvalidation.LocaleContextMessageInterpolator as ValidatorFactory-scoped message interpolator.
2020-06-11 16:27:00 DEBUG ValidatorFactoryConfigurationHelper:376 - HV000234: Using org.hibernate.validator.internal.engine.resolver.TraverseAllTraversableResolver as ValidatorFactory-scoped traversable resolver.
2020-06-11 16:27:00 DEBUG ValidatorFactoryConfigurationHelper:377 - HV000234: Using org.hibernate.validator.internal.util.ExecutableParameterNameProvider as ValidatorFactory-scoped parameter name provider.
2020-06-11 16:27:00 DEBUG ValidatorFactoryConfigurationHelper:378 - HV000234: Using org.hibernate.validator.internal.engine.DefaultClockProvider as ValidatorFactory-scoped clock provider.
2020-06-11 16:27:00 DEBUG ValidatorFactoryConfigurationHelper:379 - HV000234: Using org.hibernate.validator.internal.engine.scripting.DefaultScriptEvaluatorFactory as ValidatorFactory-scoped script evaluator factory.
2020-06-11 16:27:01 INFO  CarServiceImpl:17 - Creating new car with id: 0
2020-06-11 16:27:01 INFO  CarServiceImpl:17 - Creating new car with id: 0
2020-06-11 16:27:01 INFO  CarServiceImpl:41 - Deleting car with id: 590
2020-06-11 16:27:01 WARN  CarServiceImpl:29 - Could not find car with id 590
2020-06-11 16:27:01 INFO  CarServiceImpl:17 - Creating new car with id: 0
2020-06-11 16:27:01 INFO  CarServiceImpl:35 - Updating car with id: 591
2020-06-11 16:27:01 INFO  CarServiceImpl:17 - Creating new car with id: 0
2020-06-11 16:27:01 INFO  CarServiceImpl:47 - Setting car no more available with id: 592
2020-06-11 16:27:01 INFO  CarServiceImpl:53 - Setting car now available with id: 592
2020-06-11 16:27:01 INFO  CarServiceImpl:17 - Creating new car with id: 0
2020-06-11 16:27:01 INFO  CarServiceImpl:17 - Creating new car with id: 0
2020-06-11 16:27:01 WARN  CarServiceImpl:29 - Could not find car with id 595
2020-06-11 16:27:01 INFO  CarServiceImpl:17 - Creating new car with id: 0
2020-06-11 16:27:24 WARN  CarServiceImpl:29 - Could not find car with id 597
2020-06-11 16:27:24 WARN  CarServiceImpl:29 - Could not find car with id 602
